<?xml version="1.0" encoding="UTF-8"?>
<!-- Generated by org.testng.reporters.JUnitReportReporter -->
<testsuite skipped="0" hostname="PLNLWB763E2E38.corp.intuit.net" name="Demo.HelloWorldTest" tests="1" failures="0" timestamp="09 Mar 2018 09:33:32 GMT" time="0.011" errors="0">
  <testcase name="testHelloWorld1" time="0.011" classname="Demo.HelloWorldTest"/>
</testsuite> <!-- Demo.HelloWorldTest -->
